Report 'report_power_summary': Power
Generated on Thu Dec 22 04:20:14 2022
  
---------------------------------------------------------------------------
|                        Power Summary (nanowatt)                         |
|-------------------------------------------------------------------------|
| Component          Internal Switching  Dynamic Leakage  Total   Percent | 
|-------------------------------------------------------------------------|
| Entire design       1267567    566033  1833600   66232  1899831  100.00 | 
|                                                                         | 
| Power of all cells  1267567    361359  1628925   66232  1695157   89.23 | 
|   Clock cells         23716      5233    28949     406    29355    1.55 | 
|   Data cells        1243850    356126  1599976   65826  1665802   87.68 | 
|     Combinational    232157    244957   477114   37767   514881   27.10 | 
|     Registers       1011666    111169  1122834   28059  1150893   60.58 | 
|     Macros                0         0        0       0        0    0.00 | 
|     Physical              0         0        0       0        0    0.00 | 
|                                                                         | 
| Power of all nets              204674   204674           204674   10.77 | 
|   Clock nets                   111709   111709           111709    5.88 | 
|     Clock leaves               108016   108016           108016    5.69 | 
|   Data nets                     92965    92965            92965    4.89 | 
---------------------------------------------------------------------------


info UI33: performed report_power_summary for 0 sec (CPU time: 0 sec; MEM: RSS - 314M, CVMEM - 1692M, PVMEM - 1845M)
-----------------------------------------------------------------------------------------------------------------------------------------------
| Corner     Enable Setup Hold  CRPR       SI   Power            EM   Voltage Drop DRC        Process                    RC Temp Scale Factor | 
|---------------------------------------------------------------------------------------------------------------------------------------------|
| slow       false  true  false setup_hold none leakage          none none         trans, cap new_rcmaster_techFreePDK45 25      1            | 
| fast       false  false false setup_hold none leakage          none none         trans, cap new_rcmaster_techFreePDK45 25      1            | 
| corner_0_0 true   true  true  setup_hold none leakage, dynamic none none         trans, cap new_rcmaster_techFreePDK45 25      1            | 
-----------------------------------------------------------------------------------------------------------------------------------------------


