Report for group default
Report for group I2R
Report for group I2O
------------------------------------------------------------------------------------------------------------------------------------------------------------
Startpoint: in2[1]
    (Clocked by vsysclk R)
Endpoint: cout
    (Clocked by vsysclk R)
Path Group: I2O
Data required time: 19500.0
    (Clock shift: 20000.0, minus Uncertainty: 0.0, plus Latency 0.0, minus Out delay: 500.0)
Data arrival time: 3195.5
Slack: 16304.5
Logic depth: 63
------------------------------------------------------------------------------------------------------------------------------------------------------------
                                                     Arrival               Arc      Net               Net    Total   fan-                                   
Path                     Module/Cell           Edge     Time    Delay    Delay    Delay     Slew     Load     Load    out     Location Power Domain      (V)
                                                        (ps)     (ps)     (ps)     (ps)     (ps)     (ff)     (ff)    (#)      (um,um)                      
------------------------------------------------------------------------------------------------------------------------------------------------------------
in2[1]                   {set_input_delay}        r   1000.0   1000.0   1000.0                        2.1     10.0      2    38,    0                       
genblk1_1_full_adder_inst/i_0_0/B->Z
                         XOR2_X2                 rf   1017.8     17.6     17.6      0.0      0.0      0.6      8.1      2    38,   38  /PD_TOP        (1.10)
genblk1_1_full_adder_inst/i_0_2/A1->ZN
                         AOI22_X4                fr   1079.0     61.2     61.2      0.0     14.6      0.3     25.8      1    38,   38  /PD_TOP        (1.10)
genblk1_1_full_adder_inst/i_0_3/A->ZN
                         INV_X8                  rf   1087.2      8.2      8.2      0.0     50.3      0.6      8.1      2    38,   38  /PD_TOP        (1.10)
genblk1_2_full_adder_inst/i_0_2/A2->ZN
                         AOI22_X4                fr   1149.2     62.2     62.0      0.2      3.9      0.3     25.8      1    38,   38  /PD_TOP        (1.10)
genblk1_2_full_adder_inst/i_0_3/A->ZN
                         INV_X8                  rf   1157.4      8.4      8.2      0.2     50.3      0.6      8.1      2    38,   38  /PD_TOP        (1.10)
genblk1_3_full_adder_inst/i_0_2/A2->ZN
                         AOI22_X4                fr   1219.4     62.0     62.0      0.0      3.9      0.3     25.8      1    38,   38  /PD_TOP        (1.10)
genblk1_3_full_adder_inst/i_0_3/A->ZN
                         INV_X8                  rf   1227.6      8.2      8.2      0.0     50.3      0.6      8.1      2    38,   38  /PD_TOP        (1.10)
genblk1_4_full_adder_inst/i_0_2/A2->ZN
                         AOI22_X4                fr   1289.6     62.0     62.0      0.0      3.9      0.3     25.8      1    38,   38  /PD_TOP        (1.10)
genblk1_4_full_adder_inst/i_0_3/A->ZN
                         INV_X8                  rf   1297.8      8.2      8.2      0.0     50.3      0.6      8.1      2    38,   38  /PD_TOP        (1.10)
genblk1_5_full_adder_inst/i_0_2/A2->ZN
                         AOI22_X4                fr   1359.8     62.0     62.0      0.0      3.9      0.3     25.8      1    38,   38  /PD_TOP        (1.10)
genblk1_5_full_adder_inst/i_0_3/A->ZN
                         INV_X8                  rf   1368.0      8.2      8.2      0.0     50.3      0.6      8.1      2    38,   38  /PD_TOP        (1.10)
genblk1_6_full_adder_inst/i_0_2/A2->ZN
                         AOI22_X4                fr   1430.0     62.0     62.0      0.0      3.9      0.3     25.8      1    38,   38  /PD_TOP        (1.10)
genblk1_6_full_adder_inst/i_0_3/A->ZN
                         INV_X8                  rf   1438.2      8.2      8.2      0.0     50.3      0.6      8.1      2    38,   38  /PD_TOP        (1.10)
genblk1_7_full_adder_inst/i_0_2/A2->ZN
                         AOI22_X4                fr   1500.2     62.0     62.0      0.0      3.9      0.3     25.8      1    38,   38  /PD_TOP        (1.10)
genblk1_7_full_adder_inst/i_0_3/A->ZN
                         INV_X8                  rf   1508.4      8.2      8.2      0.0     50.3      0.6      8.1      2    38,   38  /PD_TOP        (1.10)
genblk1_8_full_adder_inst/i_0_2/A2->ZN
                         AOI22_X4                fr   1570.4     62.0     62.0      0.0      3.9      0.3     25.8      1    38,   38  /PD_TOP        (1.10)
genblk1_8_full_adder_inst/i_0_3/A->ZN
                         INV_X8                  rf   1578.6      8.2      8.2      0.0     50.3      0.6      8.1      2    38,   38  /PD_TOP        (1.10)
genblk1_9_full_adder_inst/i_0_2/A2->ZN
                         AOI22_X4                fr   1640.6     62.0     62.0      0.0      3.9      0.3     25.8      1    38,   38  /PD_TOP        (1.10)
genblk1_9_full_adder_inst/i_0_3/A->ZN
                         INV_X8                  rf   1648.8      8.2      8.2      0.0     50.3      0.6      8.1      2    38,   38  /PD_TOP        (1.10)
genblk1_10_full_adder_inst/i_0_2/A2->ZN
                         AOI22_X4                fr   1710.8     62.0     62.0      0.0      3.9      0.3     25.8      1    38,   38  /PD_TOP        (1.10)
genblk1_10_full_adder_inst/i_0_3/A->ZN
                         INV_X8                  rf   1719.0      8.2      8.2      0.0     50.3      0.6      8.1      2    38,   38  /PD_TOP        (1.10)
genblk1_11_full_adder_inst/i_0_2/A2->ZN
                         AOI22_X4                fr   1781.0     62.0     62.0      0.0      3.9      0.3     25.8      1    38,   38  /PD_TOP        (1.10)
genblk1_11_full_adder_inst/i_0_3/A->ZN
                         INV_X8                  rf   1789.2      8.2      8.2      0.0     50.3      0.6      8.1      2    38,   38  /PD_TOP        (1.10)
genblk1_12_full_adder_inst/i_0_2/A2->ZN
                         AOI22_X4                fr   1851.2     62.0     62.0      0.0      3.9      0.3     25.8      1    38,   38  /PD_TOP        (1.10)
genblk1_12_full_adder_inst/i_0_3/A->ZN
                         INV_X8                  rf   1859.4      8.2      8.2      0.0     50.3      0.6      8.1      2    38,   38  /PD_TOP        (1.10)
genblk1_13_full_adder_inst/i_0_2/A2->ZN
                         AOI22_X4                fr   1921.4     62.0     62.0      0.0      3.9      0.3     25.8      1    38,   38  /PD_TOP        (1.10)
genblk1_13_full_adder_inst/i_0_3/A->ZN
                         INV_X8                  rf   1929.6      8.2      8.2      0.0     50.3      0.6      8.1      2    38,   38  /PD_TOP        (1.10)
genblk1_14_full_adder_inst/i_0_2/A2->ZN
                         AOI22_X4                fr   1991.6     62.0     62.0      0.0      3.9      0.3     25.8      1    38,   38  /PD_TOP        (1.10)
genblk1_14_full_adder_inst/i_0_3/A->ZN
                         INV_X8                  rf   1999.8      8.2      8.2      0.0     50.3      0.6      8.1      2    38,   38  /PD_TOP        (1.10)
genblk1_15_full_adder_inst/i_0_2/A2->ZN
                         AOI22_X4                fr   2061.8     62.0     62.0      0.0      3.9      0.3     25.8      1    38,   38  /PD_TOP        (1.10)
genblk1_15_full_adder_inst/i_0_3/A->ZN
                         INV_X8                  rf   2070.0      8.2      8.2      0.0     50.3      0.6      8.1      2    38,   38  /PD_TOP        (1.10)
genblk1_16_full_adder_inst/i_0_2/A2->ZN
                         AOI22_X4                fr   2132.0     62.0     62.0      0.0      3.9      0.3     25.8      1    38,   38  /PD_TOP        (1.10)
genblk1_16_full_adder_inst/i_0_3/A->ZN
                         INV_X8                  rf   2140.2      8.2      8.2      0.0     50.3      0.6      8.1      2    38,   38  /PD_TOP        (1.10)
genblk1_17_full_adder_inst/i_0_2/A2->ZN
                         AOI22_X4                fr   2202.2     62.0     62.0      0.0      3.9      0.3     25.8      1    38,   38  /PD_TOP        (1.10)
genblk1_17_full_adder_inst/i_0_3/A->ZN
                         INV_X8                  rf   2210.4      8.2      8.2      0.0     50.3      0.6      8.1      2    38,   38  /PD_TOP        (1.10)
genblk1_18_full_adder_inst/i_0_2/A2->ZN
                         AOI22_X4                fr   2272.4     62.0     62.0      0.0      3.9      0.3     25.8      1    38,   38  /PD_TOP        (1.10)
genblk1_18_full_adder_inst/i_0_3/A->ZN
                         INV_X8                  rf   2280.6      8.2      8.2      0.0     50.3      0.6      8.1      2    38,   38  /PD_TOP        (1.10)
genblk1_19_full_adder_inst/i_0_2/A2->ZN
                         AOI22_X4                fr   2342.6     62.0     62.0      0.0      3.9      0.3     25.8      1    38,   38  /PD_TOP        (1.10)
genblk1_19_full_adder_inst/i_0_3/A->ZN
                         INV_X8                  rf   2350.8      8.2      8.2      0.0     50.3      0.6      8.1      2    38,   38  /PD_TOP        (1.10)
genblk1_20_full_adder_inst/i_0_2/A2->ZN
                         AOI22_X4                fr   2412.8     62.0     62.0      0.0      3.9      0.3     25.8      1    38,   38  /PD_TOP        (1.10)
genblk1_20_full_adder_inst/i_0_3/A->ZN
                         INV_X8                  rf   2421.0      8.2      8.2      0.0     50.3      0.6      8.1      2    38,   38  /PD_TOP        (1.10)
genblk1_21_full_adder_inst/i_0_2/A2->ZN
                         AOI22_X4                fr   2483.0     62.0     62.0      0.0      3.9      0.3     25.8      1    38,   38  /PD_TOP        (1.10)
genblk1_21_full_adder_inst/i_0_3/A->ZN
                         INV_X8                  rf   2491.2      8.2      8.2      0.0     50.3      0.6      8.1      2    38,   38  /PD_TOP        (1.10)
genblk1_22_full_adder_inst/i_0_2/A2->ZN
                         AOI22_X4                fr   2553.2     62.0     62.0      0.0      3.9      0.3     25.8      1    38,   38  /PD_TOP        (1.10)
genblk1_22_full_adder_inst/i_0_3/A->ZN
                         INV_X8                  rf   2561.4      8.2      8.2      0.0     50.3      0.6      8.1      2    38,   38  /PD_TOP        (1.10)
genblk1_23_full_adder_inst/i_0_2/A2->ZN
                         AOI22_X4                fr   2623.4     62.0     62.0      0.0      3.9      0.3     25.8      1    38,   38  /PD_TOP        (1.10)
genblk1_23_full_adder_inst/i_0_3/A->ZN
                         INV_X8                  rf   2631.6      8.2      8.2      0.0     50.3      0.6      8.1      2    38,   38  /PD_TOP        (1.10)
genblk1_24_full_adder_inst/i_0_2/A2->ZN
                         AOI22_X4                fr   2693.6     62.0     62.0      0.0      3.9      0.3     25.8      1    38,   38  /PD_TOP        (1.10)
genblk1_24_full_adder_inst/i_0_3/A->ZN
                         INV_X8                  rf   2701.8      8.2      8.2      0.0     50.3      0.6      8.1      2    38,   38  /PD_TOP        (1.10)
genblk1_25_full_adder_inst/i_0_2/A2->ZN
                         AOI22_X4                fr   2763.8     62.0     62.0      0.0      3.9      0.3     25.8      1    38,   38  /PD_TOP        (1.10)
genblk1_25_full_adder_inst/i_0_3/A->ZN
                         INV_X8                  rf   2772.0      8.2      8.2      0.0     50.3      0.6      8.1      2    38,   38  /PD_TOP        (1.10)
genblk1_26_full_adder_inst/i_0_2/A2->ZN
                         AOI22_X4                fr   2834.0     62.0     62.0      0.0      3.9      0.3     25.8      1    38,   38  /PD_TOP        (1.10)
genblk1_26_full_adder_inst/i_0_3/A->ZN
                         INV_X8                  rf   2842.2      8.2      8.2      0.0     50.3      0.6      8.1      2    38,   38  /PD_TOP        (1.10)
genblk1_27_full_adder_inst/i_0_2/A2->ZN
                         AOI22_X4                fr   2904.2     62.0     62.0      0.0      3.9      0.3     25.8      1    38,   38  /PD_TOP        (1.10)
genblk1_27_full_adder_inst/i_0_3/A->ZN
                         INV_X8                  rf   2912.4      8.2      8.2      0.0     50.3      0.6      8.1      2    38,   38  /PD_TOP        (1.10)
genblk1_28_full_adder_inst/i_0_2/A2->ZN
                         AOI22_X4                fr   2974.4     62.0     62.0      0.0      3.9      0.3     25.8      1    38,   38  /PD_TOP        (1.10)
genblk1_28_full_adder_inst/i_0_3/A->ZN
                         INV_X8                  rf   2982.6      8.2      8.2      0.0     50.3      0.6      8.1      2    38,   38  /PD_TOP        (1.10)
genblk1_29_full_adder_inst/i_0_2/A2->ZN
                         AOI22_X4                fr   3044.6     62.0     62.0      0.0      3.9      0.3     25.8      1    38,   38  /PD_TOP        (1.10)
genblk1_29_full_adder_inst/i_0_3/A->ZN
                         INV_X8                  rf   3052.8      8.2      8.2      0.0     50.3      0.6      8.1      2    38,   38  /PD_TOP        (1.10)
genblk1_30_full_adder_inst/i_0_2/A2->ZN
                         AOI22_X4                fr   3114.8     62.0     62.0      0.0      3.9      2.6     25.8      1    38,   38  /PD_TOP        (1.10)
genblk1_30_full_adder_inst/i_0_3/A->ZN
                         INV_X8                  rf   3123.0      8.2      8.2      0.0     50.3      2.9      8.1      2    38,   38  /PD_TOP        (1.10)
genblk1_31_full_adder_inst/i_0_2/A2->ZN
                         AOI22_X4                fr   3185.0     62.0     62.0      0.0      3.9      2.6     25.8      1    38,   38  /PD_TOP        (1.10)
genblk1_31_full_adder_inst/i_0_3/A->ZN
                         INV_X8                  rf   3195.3     10.3     10.3      0.0     50.3      2.3     12.3      1    38,   38  /PD_TOP        (1.10)
cout                                              f   3195.5      0.2               0.2      4.4                              0,   35                       
------------------------------------------------------------------------------------------------------------------------------------------------------------
Report for group R2O
