warning: No library characterized for (process = 1.00 voltage = 0.85 temperature = 25.00) can be found in the database for power domain '/PD_TOP'  [NL-174]
Report Power (instances with prefix '*' are included in total) : 
-----+---------------------------+--------------------+---------------------+-------------------+-----------------
     | Instance                  | Internal Power(uw) | Switching Power(uw) | Leakage Power(uw) | Total Power(uw) 
-----+---------------------------+--------------------+---------------------+-------------------+-----------------
1    |*sequential_multiplier_inst|         3286.795654|          4711.862305|         124.162491|      8122.820801
2    |*Register_inst3            |          135.272202|           123.014519|           5.063188|       263.349915
3    |*Register_inst2            |           67.289215|            21.310398|           2.531593|        91.131210
4    |*Register_inst1            |           67.289513|            21.336851|           2.531593|        91.157959
5    |*i_0_0_0                   |            0.239136|             1.914382|           0.014353|         2.167871
6    |*i_0_0_1                   |            0.585300|             3.899074|           0.033938|         4.518312
7    |*i_0_0_2                   |            0.000037|             0.000025|           0.018127|         0.018189
8    |*i_0_0_3                   |            0.131664|             0.150646|           0.032601|         0.314912
9    |*i_0_0_4                   |            0.131581|             0.146885|           0.032601|         0.311067
10   |*i_0_0_5                   |            0.131520|             0.144172|           0.032601|         0.308294
11   |*i_0_0_6                   |            0.131435|             0.140342|           0.032601|         0.304379
12   |*i_0_0_7                   |            0.000037|             0.000027|           0.018127|         0.018191
13   |*i_0_0_8                   |            0.131664|             0.150646|           0.032601|         0.314912
14   |*i_0_0_9                   |            0.131562|             0.146885|           0.032601|         0.311048
15   |*i_0_0_10                  |            0.131520|             0.144172|           0.032601|         0.308294
16   |*i_0_0_11                  |            0.131435|             0.140342|           0.032601|         0.304379
17   |*i_0_0_12                  |            0.754458|             0.442263|           0.036164|         1.232885
18   |*i_0_0_13                  |            0.745393|             0.562524|           0.036164|         1.344081
19   |*i_0_0_14                  |            0.000037|             0.000026|           0.018127|         0.018190
20   |*i_0_0_15                  |            0.131664|             0.150646|           0.032601|         0.314912
21   |*i_0_0_16                  |            0.131581|             0.146885|           0.032601|         0.311067
22   |*i_0_0_17                  |            0.131520|             0.144172|           0.032601|         0.308294
23   |*i_0_0_18                  |            0.131435|             0.140342|           0.032601|         0.304379
24   |*i_0_0_19                  |            0.000037|             0.000025|           0.018127|         0.018188
25   |*i_0_0_20                  |            0.131664|             0.150646|           0.032601|         0.314912
26   |*i_0_0_21                  |            0.131543|             0.146885|           0.032601|         0.311029
27   |*i_0_0_22                  |            0.131520|             0.144172|           0.032601|         0.308294
28   |*i_0_0_23                  |            0.131435|             0.140342|           0.032601|         0.304379
29   |                           |                    |                     |                   |                 
30   |*TOTAL                     |         3561.075439|          4886.671387|         135.003708|      8582.750977
-----+---------------------------+--------------------+---------------------+-------------------+-----------------
