Report End Points: 
-----+-------+------+-------+-----+-----+-----+-----+-----------+---------
     |Group  |Launch|Capture|Shift|Delay|Depth|Slack|Begin Point|End Point
-----+-------+------+-------+-----+-----+-----+-----+-----------+---------
1    |default|      |       |     |     |     |     |           |         
-----+-------+------+-------+-----+-----+-----+-----+-----------+---------
Report End Points: 
-----+-----+------+-------+-----+-----+-----+-----+-----------+---------
     |Group|Launch|Capture|Shift|Delay|Depth|Slack|Begin Point|End Point
-----+-----+------+-------+-----+-----+-----+-----+-----------+---------
1    |I2R  |      |       |     |     |     |     |           |         
-----+-----+------+-------+-----+-----+-----+-----+-----------+---------
Report End Points: 
-----+-----+-------+-------+-------+------+-----+-------+-----------+---------
     |Group|Launch |Capture|Shift  |Delay |Depth|Slack  |Begin Point|End Point
-----+-----+-------+-------+-------+------+-----+-------+-----------+---------
1    |I2O  |vsysclk|vsysclk|20000.0|1576.0|   32|16924.0|in1[0]     |sum[31]  
2    |I2O  |vsysclk|vsysclk|20000.0|1528.2|   31|16971.8|in1[0]     |sum[30]  
3    |I2O  |vsysclk|vsysclk|20000.0|1480.4|   30|17019.6|in1[0]     |sum[29]  
-----+-----+-------+-------+-------+------+-----+-------+-----------+---------
Report End Points: 
-----+-----+------+-------+-----+-----+-----+-----+-----------+---------
     |Group|Launch|Capture|Shift|Delay|Depth|Slack|Begin Point|End Point
-----+-----+------+-------+-----+-----+-----+-----+-----------+---------
1    |R2O  |      |       |     |     |     |     |           |         
-----+-----+------+-------+-----+-----+-----+-----+-----------+---------
