Report Physical info: 
------------------------+-------------------------------+-----------+------------
                        |                               |Area (squm)|Leakage (uW)
------------------------+-------------------------------+-----------+------------
Design Name             |SequentialMultiplierIntegerated|           |            
  Total Instances       |                           3438|       6788|     135.004
    Macros              |                              0|          0|       0.000
    Pads                |                              0|          0|       0.000
    Phys                |                              0|          0|       0.000
    Blackboxes          |                              0|          0|       0.000
    Cells               |                           3438|       6788|     135.004
      Buffers           |                             62|         49|       1.329
      Inverters         |                            345|        184|       4.952
      Clock-Gates       |                              0|          0|       0.000
      Combinational     |                           2839|       5687|     113.533
      Latches           |                              0|          0|       0.000
      FlipFlops         |                            192|        868|      15.190
       Single-Bit FF    |                            192|        868|      15.190
       Multi-Bit FF     |                              0|          0|       0.000
       Clock-Gated      |                              0|           |            
       Bits             |                            192|        868|      15.190
         Load-Enabled   |                              0|           |            
         Clock-Gated    |                              0|           |            
  Tristate Pin Count    |                              0|           |            
Physical Info           |Placed                         |           |            
  Chip Size (mm x mm)   |0.166 x 0.166                  |      27677|            
  Fixed Cell Area       |                               |          0|            
    Phys Only           |                              0|          0|            
  Placeable Area        |                               |      11152|            
  Movable Cell Area     |                               |       6788|            
  Utilization (%)       |                             60|           |            
  Chip Utilization (%)  |                             60|           |            
  Total Wire Length (mm)|                         24.530|           |            
  Longest Wire (mm)     |                          0.137|           |            
  Average Wire (mm)     |                          0.076|           |            
------------------------+-------------------------------+-----------+------------
